SF:lib\core\error\failure.dart
DA:5,670
DA:7,13
DA:8,26
DA:12,54
DA:16,197
DA:20,41
DA:24,515
LF:7
LH:7
end_of_record
SF:lib\features\rating\data\models\request\reviews_request_model.dart
DA:4,1
DA:5,2
DA:7,3
DA:15,4
DA:22,2
DA:23,1
DA:24,1
DA:25,1
DA:26,1
DA:29,2
DA:30,1
DA:31,1
DA:32,1
DA:33,1
DA:36,1
DA:37,5
LF:16
LH:16
end_of_record
SF:lib\core\utils\constant.dart
DA:2,1
DA:3,2
DA:4,2
DA:5,2
DA:6,4
DA:7,4
DA:8,2
DA:9,1
DA:10,1
DA:11,1
DA:12,4
DA:13,0
DA:14,0
DA:15,0
DA:16,0
DA:17,1
LF:16
LH:12
end_of_record
SF:lib\features\info_restaurant\data\models\get_menu_model.dart
DA:3,1
DA:4,1
DA:5,4
DA:7,1
DA:8,5
DA:21,2
DA:33,1
DA:34,1
DA:35,1
DA:36,1
DA:37,1
DA:38,1
DA:39,1
DA:40,1
DA:41,1
DA:42,1
DA:44,2
DA:45,1
DA:47,2
DA:50,2
DA:51,1
DA:52,1
DA:53,1
DA:54,1
DA:55,1
DA:56,1
DA:57,1
DA:58,2
DA:59,2
LF:29
LH:29
end_of_record
SF:lib\core\network\network_checker.dart
DA:10,1
DA:12,1
DA:13,2
LF:3
LH:3
end_of_record
SF:lib\features\auth\data\datasources\auth_remote_data_source.dart
DA:23,1
DA:27,2
DA:28,1
DA:29,1
DA:31,2
DA:32,2
DA:33,3
DA:34,3
DA:35,1
DA:37,4
DA:39,0
DA:46,1
DA:50,2
DA:51,1
DA:52,1
DA:54,2
DA:56,2
DA:57,1
DA:59,4
DA:61,0
LF:20
LH:18
end_of_record
SF:lib\features\auth\data\repositories\auth_repository_impl.dart
DA:13,1
DA:16,3
DA:19,1
DA:22,2
DA:23,1
DA:26,1
DA:28,3
LF:7
LH:7
end_of_record
SF:lib\features\auth\domain\usecases\login\login_usecase.dart
DA:10,1
DA:12,3
DA:13,1
DA:14,1
DA:15,3
DA:16,1
LF:6
LH:6
end_of_record
SF:lib\features\auth\domain\usecases\register\register_ucecase.dart
DA:9,1
DA:11,2
DA:12,1
LF:3
LH:3
end_of_record
SF:lib\features\ewallet\data\datasources\ewallet_remote_datasource.dart
DA:19,0
DA:22,0
DA:24,0
DA:25,0
DA:31,0
DA:32,0
DA:33,0
DA:35,0
DA:36,0
DA:40,0
DA:41,0
DA:50,0
DA:55,0
DA:57,0
DA:58,0
DA:64,0
DA:65,0
DA:66,0
DA:67,0
DA:70,0
DA:72,0
DA:73,0
DA:75,0
DA:76,0
LF:24
LH:0
end_of_record
SF:lib\features\ewallet\data\repositories\ewallet_repository_impl.dart
DA:10,1
DA:14,3
LF:2
LH:2
end_of_record
SF:lib\features\ewallet\domain\usecases\ewallet_usecase.dart
DA:9,1
DA:11,2
DA:12,1
LF:3
LH:3
end_of_record
SF:lib\features\history\data\datasources\done_order\history_transaction_remote_datasource.dart
DA:21,1
DA:26,2
DA:27,1
DA:31,0
DA:32,0
DA:33,0
DA:34,0
DA:37,0
DA:38,0
DA:39,0
DA:41,0
DA:42,0
DA:44,0
DA:45,0
DA:46,0
DA:51,0
DA:54,0
DA:58,1
DA:63,3
DA:64,2
DA:66,2
DA:67,1
DA:69,1
DA:70,3
DA:73,3
LF:25
LH:11
end_of_record
SF:lib\features\history\data\datasources\order_progress\order_transaction_remote_datasource.dart
DA:18,0
DA:23,0
DA:24,0
DA:28,0
DA:29,0
DA:30,0
DA:31,0
DA:34,0
DA:35,0
DA:36,0
DA:39,0
DA:40,0
DA:41,0
DA:42,0
DA:46,0
DA:47,0
DA:50,0
DA:51,0
DA:55,0
DA:56,0
DA:59,0
DA:60,0
DA:62,0
DA:63,0
DA:64,0
DA:66,0
DA:68,0
DA:69,0
DA:72,0
LF:29
LH:0
end_of_record
SF:lib\features\history\data\repositories\history_transaction_repository_impl.dart
DA:10,0
DA:13,0
DA:18,0
DA:20,0
DA:21,0
LF:5
LH:0
end_of_record
SF:lib\features\history\data\repositories\order_transaction_repository_impl.dart
DA:9,1
DA:11,2
DA:12,1
LF:3
LH:3
end_of_record
SF:lib\features\history\domain\usecases\done_order\get_detail_transaction_usecase.dart
DA:8,1
DA:10,2
DA:11,1
LF:3
LH:3
end_of_record
SF:lib\features\history\domain\usecases\done_order\get_history_transaction_usecase.dart
DA:8,0
DA:9,0
DA:10,0
LF:3
LH:0
end_of_record
SF:lib\features\home\data\datasources\home_local_datasource.dart
DA:13,0
DA:16,0
DA:18,0
DA:32,0
DA:36,0
LF:5
LH:0
end_of_record
SF:lib\features\home\data\datasources\restaurant_remote_data_source.dart
DA:13,1
DA:16,2
DA:17,2
DA:19,2
DA:20,0
DA:21,0
DA:23,0
DA:24,0
DA:25,0
DA:30,4
DA:33,3
LF:11
LH:6
end_of_record
SF:lib\features\home\data\repositories\home_repository_impl.dart
DA:9,1
DA:11,3
LF:2
LH:2
end_of_record
SF:lib\features\home\data\repositories\restaurant_repository_impl.dart
DA:9,1
DA:11,3
LF:2
LH:2
end_of_record
SF:lib\features\home\domain\usecases\home\check_login_status_usecase.dart
DA:9,1
DA:11,3
LF:2
LH:2
end_of_record
SF:lib\features\home\domain\usecases\home\get_local_user_usecase.dart
DA:8,0
DA:10,0
LF:2
LH:0
end_of_record
SF:lib\features\home\domain\usecases\restaurant\get_restaurant.dart
DA:8,1
DA:10,3
LF:2
LH:2
end_of_record
SF:lib\features\info_restaurant\data\datasources\info_restaurant\inforestaurant_remote_datasources.dart
DA:16,1
DA:20,2
DA:21,1
DA:22,1
DA:23,1
DA:24,2
DA:26,2
DA:27,1
DA:31,1
DA:32,3
LF:10
LH:10
end_of_record
SF:lib\features\info_restaurant\data\datasources\menu_restaurant\menu_local_restaurant_datasource.dart
DA:22,0
DA:25,0
DA:26,0
DA:27,0
DA:29,0
DA:30,0
DA:31,0
DA:32,0
DA:37,0
DA:41,0
DA:45,0
DA:46,0
DA:49,0
DA:59,0
DA:60,0
DA:61,0
DA:67,0
DA:71,0
DA:72,0
DA:73,0
DA:74,0
DA:80,0
DA:81,0
DA:85,0
DA:89,0
DA:90,0
DA:93,0
DA:94,0
DA:98,0
DA:102,0
DA:103,0
DA:106,0
DA:107,0
DA:111,0
DA:114,0
DA:115,0
DA:118,0
DA:119,0
DA:123,0
DA:127,0
DA:129,0
DA:134,0
DA:138,0
DA:141,0
DA:143,0
DA:147,0
LF:46
LH:0
end_of_record
SF:lib\features\info_restaurant\data\datasources\menu_restaurant\menu_remote_restaurant_datasource.dart
DA:19,0
DA:23,0
DA:25,0
DA:26,0
DA:31,0
DA:35,0
DA:36,0
DA:37,0
DA:39,0
DA:40,0
DA:41,0
DA:42,0
DA:43,0
DA:45,0
DA:50,0
DA:53,0
LF:16
LH:0
end_of_record
SF:lib\features\info_restaurant\data\repositories\info_restaurant_repository_impl.dart
DA:9,1
DA:12,2
DA:13,1
LF:3
LH:3
end_of_record
SF:lib\features\info_restaurant\data\repositories\menu_restaurant_repository_impl.dart
DA:14,0
DA:17,0
DA:18,0
DA:19,0
DA:20,0
DA:21,0
DA:22,0
DA:23,0
DA:24,0
DA:25,0
DA:29,0
DA:33,0
DA:37,0
DA:40,0
DA:41,0
DA:45,0
DA:49,0
DA:50,0
DA:51,0
DA:52,0
DA:55,0
DA:56,0
DA:60,0
DA:65,0
DA:66,0
DA:67,0
DA:68,0
DA:71,0
DA:72,0
DA:76,0
DA:81,0
DA:82,0
DA:83,0
DA:84,0
DA:87,0
DA:88,0
DA:92,0
DA:96,0
DA:97,0
DA:98,0
DA:99,0
DA:102,0
DA:103,0
LF:43
LH:0
end_of_record
SF:lib\features\info_restaurant\domain\usecases\info_restaurant\get_info_restaurant_usecase.dart
DA:8,1
DA:10,2
DA:11,1
LF:3
LH:3
end_of_record
SF:lib\features\info_restaurant\domain\usecases\menu_restaurant\get_menu_restaurant_usecase.dart
DA:8,1
DA:10,2
DA:11,1
LF:3
LH:3
end_of_record
SF:lib\features\info_restaurant\domain\usecases\order_list\order_list_restaurant.dart
DA:8,0
DA:9,0
DA:12,0
DA:13,0
DA:16,0
DA:18,0
DA:25,0
DA:27,0
DA:33,0
DA:35,0
DA:41,0
DA:43,0
DA:53,0
DA:54,0
DA:57,0
DA:58,0
LF:16
LH:0
end_of_record
SF:lib\features\profile\data\datasources\profile_remote_datasource.dart
DA:20,0
DA:24,0
DA:35,0
DA:36,0
DA:37,0
DA:42,1
DA:45,2
DA:47,2
DA:48,1
DA:54,1
DA:55,2
DA:56,2
DA:58,2
DA:59,1
DA:63,1
DA:64,3
DA:73,0
DA:77,0
DA:79,0
DA:80,0
DA:86,0
DA:89,0
DA:90,0
DA:91,0
DA:95,0
DA:96,0
DA:97,0
DA:98,0
DA:99,0
DA:100,0
DA:101,0
DA:104,0
DA:105,0
DA:109,0
DA:111,0
DA:112,0
DA:114,0
LF:37
LH:11
end_of_record
SF:lib\features\profile\data\repositories\pelanggan_repository_impl.dart
DA:10,1
DA:12,3
DA:15,1
DA:17,3
DA:20,1
DA:24,3
LF:6
LH:6
end_of_record
SF:lib\features\profile\domain\usecases\get_pelanggan_profile_usecase.dart
DA:8,1
DA:9,3
LF:2
LH:2
end_of_record
SF:lib\features\profile\domain\usecases\logout_user_usecase.dart
DA:8,1
DA:10,3
DA:11,1
DA:12,3
LF:4
LH:4
end_of_record
SF:lib\features\profile\domain\usecases\update_pelanggan_usecase.dart
DA:9,1
DA:11,2
DA:12,1
LF:3
LH:3
end_of_record
SF:lib\features\queue\data\datasources\queue_remote_datasource.dart
DA:17,0
DA:21,0
DA:22,0
DA:23,0
DA:28,0
DA:29,0
DA:30,0
DA:31,0
DA:33,0
DA:34,0
DA:35,0
DA:37,0
DA:39,0
DA:40,0
DA:41,0
DA:42,0
DA:43,0
DA:49,0
DA:51,0
DA:54,0
DA:59,0
DA:62,0
LF:22
LH:0
end_of_record
SF:lib\features\queue\data\repositories\queue_respository_impl.dart
DA:9,1
DA:12,3
LF:2
LH:2
end_of_record
SF:lib\features\queue\domain\usecases\get_queue_usecase.dart
DA:8,1
DA:10,3
LF:2
LH:2
end_of_record
SF:lib\features\rating\data\datasources\reviews_remote_datasource.dart
DA:20,1
DA:23,2
DA:25,2
DA:26,1
DA:32,0
DA:33,0
DA:34,0
DA:36,0
DA:37,0
DA:41,0
DA:42,0
DA:51,1
DA:57,2
DA:59,2
DA:60,1
DA:66,0
DA:67,0
DA:68,0
DA:69,0
DA:70,0
DA:72,0
DA:73,0
DA:77,0
DA:78,0
LF:24
LH:8
end_of_record
SF:lib\features\rating\data\repositories\reviews_repository_impl.dart
DA:9,1
DA:12,2
DA:13,1
LF:3
LH:3
end_of_record
SF:lib\features\rating\domain\usecases\reviews_usecase.dart
DA:8,1
DA:12,3
LF:2
LH:2
end_of_record
SF:lib\features\history\domain\usecases\order_progress\get_order_transaction_usecase.dart
DA:8,0
DA:9,0
DA:10,0
LF:3
LH:0
end_of_record
SF:lib\features\home\data\models\user\user_response_model.dart
DA:4,6
DA:6,3
DA:15,6
DA:23,6
DA:24,3
DA:25,3
DA:26,3
DA:27,3
DA:28,3
DA:31,4
DA:32,2
DA:33,2
DA:34,2
DA:35,2
DA:36,2
DA:39,2
DA:40,12
LF:17
LH:17
end_of_record
SF:lib\features\auth\data\models\request\login_request_model.dart
DA:4,0
DA:5,0
DA:7,0
DA:13,4
DA:18,6
DA:19,3
DA:20,3
DA:23,4
DA:24,2
DA:25,2
DA:28,2
DA:29,6
LF:12
LH:9
end_of_record
SF:lib\features\auth\data\models\request\register_request_model.dart
DA:4,0
DA:5,0
DA:7,0
DA:8,0
DA:13,4
DA:17,3
DA:18,3
DA:19,3
DA:21,4
DA:24,4
DA:25,3
DA:28,2
DA:29,4
DA:38,3
DA:45,4
DA:46,2
DA:47,2
DA:48,2
DA:49,2
DA:52,2
DA:53,1
DA:54,1
DA:55,1
DA:56,1
DA:59,2
DA:60,10
LF:26
LH:22
end_of_record
SF:lib\features\auth\data\models\response\login_response_model.dart
DA:4,0
DA:5,0
DA:7,0
DA:12,4
DA:16,6
DA:17,3
DA:20,4
DA:21,2
DA:24,2
DA:25,4
LF:10
LH:7
end_of_record
SF:lib\features\auth\data\models\response\resgister_response_model.dart
DA:4,0
DA:5,0
DA:7,0
DA:8,0
DA:13,4
DA:17,3
DA:18,3
DA:19,3
DA:21,6
DA:24,4
DA:25,4
DA:28,2
DA:29,4
DA:46,4
DA:61,6
DA:62,3
DA:63,3
DA:64,3
DA:65,3
DA:66,3
DA:67,3
DA:68,3
DA:69,3
DA:70,3
DA:71,3
DA:72,3
DA:74,6
DA:75,3
DA:77,6
DA:80,4
DA:81,2
DA:82,2
DA:83,2
DA:84,2
DA:85,2
DA:86,2
DA:87,2
DA:88,2
DA:89,2
DA:90,2
DA:91,4
DA:92,4
DA:95,2
DA:96,2
DA:97,2
DA:98,2
DA:99,2
DA:100,2
DA:101,2
DA:102,2
DA:103,2
DA:104,2
DA:105,2
DA:106,2
DA:107,2
DA:108,2
LF:56
LH:52
end_of_record
SF:lib\features\ewallet\data\models\update_ewallet_model.dart
DA:3,1
DA:4,2
DA:6,1
DA:7,2
DA:12,3
DA:16,1
DA:17,1
DA:18,1
DA:21,2
DA:22,1
LF:10
LH:10
end_of_record
SF:lib\features\profile\data\models\pelanggan_model.dart
DA:4,1
DA:5,2
DA:7,3
DA:23,8
DA:38,4
DA:39,2
DA:40,2
DA:41,2
DA:42,2
DA:43,2
DA:44,2
DA:45,2
DA:46,2
DA:47,2
DA:48,2
DA:49,2
DA:51,4
DA:52,2
DA:54,4
DA:57,4
DA:58,2
DA:59,2
DA:60,2
DA:61,2
DA:62,2
DA:63,2
DA:64,2
DA:65,2
DA:66,2
DA:67,2
DA:68,4
DA:69,4
DA:72,2
DA:73,2
DA:74,2
DA:75,2
DA:76,2
DA:77,2
DA:78,2
DA:79,2
DA:80,2
DA:81,2
DA:82,2
DA:83,2
DA:84,2
DA:85,2
LF:46
LH:46
end_of_record
SF:lib\features\history\data\models\done_order\detail_transaction_model.dart
DA:4,0
DA:5,0
DA:7,0
DA:8,0
DA:25,3
DA:41,1
DA:42,1
DA:43,1
DA:44,1
DA:45,1
DA:46,1
DA:47,1
DA:48,1
DA:49,1
DA:50,1
DA:51,1
DA:53,2
DA:54,1
DA:56,2
DA:57,1
DA:59,0
DA:61,1
DA:62,1
DA:63,1
DA:64,1
DA:65,2
DA:68,4
DA:69,2
DA:70,2
DA:71,2
DA:72,2
DA:73,2
DA:74,2
DA:75,2
DA:76,2
DA:77,4
DA:78,4
DA:79,3
DA:80,3
DA:81,2
DA:82,0
DA:83,8
DA:86,1
DA:87,1
DA:88,1
DA:89,1
DA:90,1
DA:91,1
DA:92,1
DA:93,1
DA:94,1
DA:95,1
DA:96,1
DA:97,1
DA:98,1
DA:99,1
DA:100,1
DA:112,1
DA:121,0
DA:122,0
DA:123,0
DA:124,0
DA:125,0
DA:126,0
DA:128,0
DA:129,0
DA:131,0
DA:134,2
DA:135,1
DA:136,1
DA:137,1
DA:138,1
DA:139,2
DA:140,2
DA:143,0
DA:144,0
DA:145,0
DA:146,0
DA:147,0
DA:148,0
DA:149,0
DA:150,0
DA:162,1
DA:171,0
DA:172,0
DA:173,0
DA:174,0
DA:175,0
DA:176,0
DA:177,0
DA:180,2
DA:181,1
DA:182,1
DA:183,1
DA:184,1
DA:185,1
DA:186,2
DA:189,0
DA:190,0
DA:191,0
DA:192,0
DA:193,0
DA:194,0
DA:195,0
DA:196,0
DA:212,1
DA:225,0
DA:226,0
DA:227,0
DA:228,0
DA:229,0
DA:230,0
DA:231,0
DA:232,0
DA:233,0
DA:234,0
DA:236,0
DA:237,0
DA:239,0
DA:242,2
DA:243,1
DA:244,1
DA:245,1
DA:246,1
DA:247,1
DA:248,1
DA:249,1
DA:250,1
DA:251,2
DA:252,2
DA:255,0
DA:256,0
DA:257,0
DA:258,0
DA:259,0
DA:260,0
DA:261,0
DA:262,0
DA:263,0
DA:264,0
DA:265,0
DA:266,0
DA:284,1
DA:299,0
DA:300,0
DA:301,0
DA:302,0
DA:303,0
DA:304,0
DA:305,0
DA:306,0
DA:307,0
DA:308,0
DA:309,0
DA:310,0
DA:312,0
DA:313,0
DA:315,0
DA:318,2
DA:319,1
DA:320,1
DA:321,1
DA:322,1
DA:323,1
DA:324,1
DA:325,1
DA:326,1
DA:327,1
DA:328,1
DA:329,2
DA:330,2
DA:333,0
DA:334,0
DA:335,0
DA:336,0
DA:337,0
DA:338,0
DA:339,0
DA:340,0
DA:341,0
DA:342,0
DA:343,0
DA:344,0
DA:345,0
DA:346,0
LF:185
LH:93
end_of_record
SF:lib\features\history\data\models\done_order\history_transaction_response.dart
DA:4,0
DA:5,0
DA:6,0
DA:8,0
DA:9,0
DA:26,1
DA:42,1
DA:43,1
DA:44,1
DA:45,1
DA:46,1
DA:47,1
DA:48,1
DA:49,1
DA:50,1
DA:51,1
DA:52,1
DA:54,2
DA:55,1
DA:57,2
DA:58,1
DA:59,0
DA:60,1
DA:61,4
DA:62,1
DA:64,2
DA:66,3
DA:69,2
DA:70,1
DA:71,1
DA:72,1
DA:73,1
DA:74,1
DA:75,1
DA:76,1
DA:77,1
DA:78,2
DA:79,2
DA:80,1
DA:81,0
DA:82,5
DA:83,2
DA:84,2
DA:87,1
DA:88,1
DA:89,1
DA:90,1
DA:91,1
DA:92,1
DA:93,1
DA:94,1
DA:95,1
DA:96,1
DA:97,1
DA:98,1
DA:99,1
DA:100,1
DA:101,1
DA:113,1
DA:122,2
DA:123,1
DA:124,1
DA:125,1
DA:126,1
DA:127,1
DA:129,2
DA:130,1
DA:132,2
DA:135,2
DA:136,1
DA:137,1
DA:138,1
DA:139,1
DA:140,2
DA:141,2
DA:144,1
DA:145,1
DA:146,1
DA:147,1
DA:148,1
DA:149,1
DA:150,1
DA:151,1
DA:163,1
DA:172,2
DA:173,1
DA:174,1
DA:175,1
DA:176,1
DA:177,1
DA:178,3
DA:181,2
DA:182,1
DA:183,1
DA:184,1
DA:185,1
DA:186,1
DA:187,2
DA:190,1
DA:191,1
DA:192,1
DA:193,1
DA:194,1
DA:195,1
DA:196,1
DA:197,1
DA:212,1
DA:224,2
DA:225,1
DA:226,1
DA:227,1
DA:228,1
DA:229,1
DA:230,1
DA:231,1
DA:232,1
DA:234,2
DA:235,1
DA:237,2
DA:240,2
DA:241,1
DA:242,1
DA:243,1
DA:244,1
DA:245,1
DA:246,1
DA:247,1
DA:248,2
DA:249,2
DA:252,1
DA:253,1
DA:254,1
DA:255,1
DA:256,1
DA:257,1
DA:258,1
DA:259,1
DA:260,1
DA:261,1
DA:262,1
DA:280,1
DA:295,2
DA:296,1
DA:297,1
DA:298,1
DA:299,1
DA:300,1
DA:301,1
DA:302,1
DA:303,1
DA:304,1
DA:305,1
DA:306,1
DA:308,2
DA:309,1
DA:311,2
DA:314,2
DA:315,1
DA:316,1
DA:317,1
DA:318,1
DA:319,1
DA:320,1
DA:321,1
DA:322,1
DA:323,1
DA:324,1
DA:325,2
DA:326,2
DA:329,1
DA:330,1
DA:331,1
DA:332,1
DA:333,1
DA:334,1
DA:335,1
DA:336,1
DA:337,1
DA:338,1
DA:339,1
DA:340,1
DA:341,1
DA:342,1
LF:183
LH:176
end_of_record
SF:lib\features\history\data\models\order_progress\order_transaction_response.dart
DA:3,0
DA:4,0
DA:5,0
DA:7,0
DA:8,0
DA:25,1
DA:41,1
DA:42,1
DA:43,1
DA:44,1
DA:45,1
DA:46,1
DA:47,1
DA:48,1
DA:49,1
DA:50,1
DA:51,1
DA:53,2
DA:54,1
DA:56,2
DA:57,1
DA:58,0
DA:59,1
DA:60,4
DA:61,1
DA:63,2
DA:65,3
DA:68,2
DA:69,1
DA:70,1
DA:71,1
DA:72,1
DA:73,1
DA:74,1
DA:75,1
DA:76,1
DA:77,2
DA:78,2
DA:79,1
DA:80,0
DA:81,5
DA:82,2
DA:83,2
DA:95,1
DA:104,2
DA:105,1
DA:106,1
DA:107,1
DA:108,1
DA:109,1
DA:111,2
DA:112,1
DA:114,2
DA:117,2
DA:118,1
DA:119,1
DA:120,1
DA:121,1
DA:122,2
DA:123,2
DA:135,1
DA:144,2
DA:145,1
DA:146,1
DA:147,1
DA:148,1
DA:149,1
DA:150,3
DA:153,2
DA:154,1
DA:155,1
DA:156,1
DA:157,1
DA:158,1
DA:159,2
DA:175,1
DA:188,2
DA:189,1
DA:190,1
DA:191,1
DA:192,1
DA:193,1
DA:194,1
DA:195,1
DA:196,1
DA:197,1
DA:199,2
DA:200,1
DA:202,2
DA:205,2
DA:206,1
DA:207,1
DA:208,1
DA:209,1
DA:210,1
DA:211,1
DA:212,1
DA:213,1
DA:214,2
DA:215,2
DA:233,1
DA:248,2
DA:249,1
DA:250,1
DA:251,1
DA:252,1
DA:253,1
DA:254,1
DA:255,1
DA:256,1
DA:257,1
DA:258,1
DA:259,1
DA:261,2
DA:262,1
DA:264,2
DA:267,2
DA:268,1
DA:269,1
DA:270,1
DA:271,1
DA:272,1
DA:273,1
DA:274,1
DA:275,1
DA:276,1
DA:277,1
DA:278,2
DA:279,2
LF:129
LH:122
end_of_record
SF:lib\features\home\data\models\response\get_restaurant_model.dart
DA:4,0
DA:5,0
DA:7,0
DA:8,0
DA:23,3
DA:37,1
DA:38,1
DA:39,1
DA:40,1
DA:41,1
DA:42,1
DA:43,1
DA:44,1
DA:45,1
DA:46,1
DA:47,1
DA:48,1
DA:50,2
DA:51,1
DA:53,2
DA:56,2
DA:57,1
DA:58,1
DA:59,1
DA:60,1
DA:61,1
DA:62,1
DA:63,1
DA:64,1
DA:65,1
DA:66,2
DA:67,2
DA:70,1
DA:71,1
DA:72,1
DA:73,1
DA:74,1
DA:75,1
DA:76,1
DA:77,1
DA:78,1
DA:79,1
DA:80,1
DA:81,1
DA:82,1
LF:45
LH:41
end_of_record
SF:lib\features\info_restaurant\data\models\info_restaurant_model.dart
DA:4,1
DA:5,2
DA:7,1
DA:8,2
DA:26,4
DA:43,2
DA:44,2
DA:45,2
DA:46,2
DA:47,2
DA:48,2
DA:49,2
DA:50,2
DA:51,2
DA:52,2
DA:53,2
DA:54,2
DA:55,2
DA:56,2
DA:57,2
DA:59,4
DA:60,2
DA:62,4
DA:65,4
DA:66,2
DA:67,2
DA:68,2
DA:69,2
DA:70,2
DA:71,2
DA:72,2
DA:73,2
DA:74,2
DA:75,2
DA:76,2
DA:77,2
DA:78,4
DA:79,4
DA:82,1
DA:83,1
DA:84,1
DA:85,1
DA:86,1
DA:87,1
DA:88,1
DA:89,1
DA:90,1
DA:91,1
DA:92,1
DA:93,1
DA:94,1
DA:95,1
DA:96,1
DA:97,1
LF:54
LH:54
end_of_record
SF:lib\features\profile\data\models\update_pelanggan_request_model.dart
DA:3,1
DA:4,2
DA:6,1
DA:7,2
DA:17,3
DA:26,1
DA:27,1
DA:28,1
DA:29,1
DA:30,1
DA:31,1
DA:32,1
DA:33,1
DA:36,2
DA:37,1
DA:38,1
DA:39,1
DA:40,1
DA:41,1
DA:42,1
LF:20
LH:20
end_of_record
SF:lib\features\queue\data\models\queue_list_model.dart
DA:5,0
DA:6,0
DA:7,0
DA:9,1
DA:10,5
DA:21,3
DA:31,2
DA:32,1
DA:33,1
DA:34,1
DA:35,1
DA:36,1
DA:38,2
DA:39,1
DA:41,2
DA:44,2
DA:45,1
DA:46,1
DA:47,1
DA:48,1
DA:49,2
DA:50,2
LF:22
LH:19
end_of_record
SF:lib\features\rating\data\models\response\reviews_response_model.dart
DA:4,1
DA:5,2
DA:7,3
DA:17,1
DA:26,1
DA:27,1
DA:28,1
DA:29,1
DA:30,1
DA:31,1
DA:32,1
DA:34,2
DA:35,1
DA:37,2
DA:40,2
DA:41,1
DA:42,1
DA:43,1
DA:44,1
DA:45,2
DA:46,2
DA:49,1
DA:50,1
DA:51,1
DA:52,1
DA:53,1
DA:54,1
DA:55,1
DA:56,1
LF:29
LH:29
end_of_record
